sudo: /usr/bin/python3.8: command not found
2025-04-20 19:53:12 - Bot başlatma komutu çalıştırıldı. PID: 31287
2025-04-20 19:53:12,840 - trading_bot - ERROR - NEO/USDT analiz edilirken hata: 'function' object has no attribute 'analyze'
2025-04-20 19:53:12,850 - trading_bot - ERROR - ZIL/USDT analiz edilirken hata: 'short_ma'
2025-04-20 19:53:13,610 - trading_bot - ERROR - LTC/USDT analiz edilirken hata: 'function' object has no attribute 'analyze'
2025-04-20 19:53:13,629 - trading_bot - ERROR - ZRX/USDT analiz edilirken hata: 'short_ma'
2025-04-20 19:53:14,388 - trading_bot - ERROR - QTUM/USDT analiz edilirken hata: 'function' object has no attribute 'analyze'
2025-04-20 19:53:14,405 - trading_bot - ERROR - FET/USDT analiz edilirken hata: 'short_ma'
2025-04-20 19:53:15,155 - trading_bot - ERROR - ADA/USDT analiz edilirken hata: 'function' object has no attribute 'analyze'
2025-04-20 19:53:15,189 - trading_bot - ERROR - Analiz veritabanı kaydı hatası: 1064 (42000): You have an error in your SQL syntax; check the manual that corresponds to your MariaDB server version for the right syntax to use near 'signal, reason, timestamp, indicators_json)
                VALUES ('ZEC/USDT', ' at line 1
2025-04-20 19:53:15,470 - trading_bot - WARNING - Yetersiz bakiye: 0.0
2025-04-20 19:53:15,937 - trading_bot - ERROR - XRP/USDT analiz edilirken hata: 'function' object has no attribute 'analyze'
2025-04-20 19:53:16,718 - trading_bot - ERROR - EOS/USDT analiz edilirken hata: 'function' object has no attribute 'analyze'
2025-04-20 19:53:17,499 - trading_bot - ERROR - IOTA/USDT analiz edilirken hata: 'function' object has no attribute 'analyze'
2025-04-20 19:53:18,275 - trading_bot - ERROR - XLM/USDT analiz edilirken hata: 'function' object has no attribute 'analyze'
2025-04-20 19:53:19,055 - trading_bot - ERROR - ONT/USDT analiz edilirken hata: 'function' object has no attribute 'analyze'
2025-04-20 19:53:19,826 - trading_bot - ERROR - TRX/USDT analiz edilirken hata: 'function' object has no attribute 'analyze'
2025-04-20 19:53:20,601 - trading_bot - ERROR - ETC/USDT analiz edilirken hata: 'function' object has no attribute 'analyze'
2025-04-20 19:53:21,381 - trading_bot - ERROR - VET/USDT analiz edilirken hata: 'function' object has no attribute 'analyze'
2025-04-20 19:53:22,155 - trading_bot - ERROR - USDC/USDT analiz edilirken hata: 'function' object has no attribute 'analyze'
2025-04-20 19:53:22,943 - trading_bot - ERROR - LINK/USDT analiz edilirken hata: 'function' object has no attribute 'analyze'
2025-04-20 19:53:23,721 - trading_bot - ERROR - HOT/USDT analiz edilirken hata: 'function' object has no attribute 'analyze'
2025-04-20 19:53:24,504 - trading_bot - ERROR - ZIL/USDT analiz edilirken hata: 'function' object has no attribute 'analyze'
2025-04-20 19:53:25,287 - trading_bot - ERROR - ZRX/USDT analiz edilirken hata: 'function' object has no attribute 'analyze'
2025-04-20 19:53:38,052 - trading_bot - ERROR - BTC/USDT analiz edilirken hata: 'short_ma'
2025-04-20 19:53:38,825 - trading_bot - ERROR - ETH/USDT analiz edilirken hata: 'short_ma'
2025-04-20 19:53:39,603 - trading_bot - ERROR - BNB/USDT analiz edilirken hata: 'short_ma'
2025-04-20 19:53:40,376 - trading_bot - ERROR - NEO/USDT analiz edilirken hata: 'short_ma'
2025-04-20 19:53:41,146 - trading_bot - ERROR - LTC/USDT analiz edilirken hata: 'short_ma'
2025-04-20 19:53:41,922 - trading_bot - ERROR - QTUM/USDT analiz edilirken hata: 'short_ma'
2025-04-20 19:53:42,708 - trading_bot - ERROR - ADA/USDT analiz edilirken hata: 'short_ma'
2025-04-20 19:53:43,491 - trading_bot - ERROR - XRP/USDT analiz edilirken hata: 'short_ma'
2025-04-20 19:53:44,276 - trading_bot - ERROR - Analiz veritabanı kaydı hatası: 1064 (42000): You have an error in your SQL syntax; check the manual that corresponds to your MariaDB server version for the right syntax to use near 'signal, reason, timestamp, indicators_json)
                VALUES ('EOS/USDT', ' at line 1
2025-04-20 19:53:44,559 - trading_bot - WARNING - Satılacak EOS yok
2025-04-20 19:53:45,336 - trading_bot - ERROR - IOTA/USDT analiz edilirken hata: 'short_ma'
2025-04-20 19:53:46,114 - trading_bot - ERROR - XLM/USDT analiz edilirken hata: 'short_ma'
2025-04-20 19:53:46,896 - trading_bot - ERROR - ONT/USDT analiz edilirken hata: 'short_ma'
2025-04-20 19:53:47,678 - trading_bot - ERROR - TRX/USDT analiz edilirken hata: 'short_ma'
2025-04-20 19:53:48,456 - trading_bot - ERROR - ETC/USDT analiz edilirken hata: 'short_ma'
2025-04-20 19:53:49,237 - trading_bot - ERROR - VET/USDT analiz edilirken hata: 'short_ma'
2025-04-20 19:53:50,019 - trading_bot - ERROR - USDC/USDT analiz edilirken hata: 'short_ma'
2025-04-20 19:53:50,804 - trading_bot - ERROR - LINK/USDT analiz edilirken hata: 'short_ma'
2025-04-20 19:53:51,588 - trading_bot - ERROR - HOT/USDT analiz edilirken hata: 'short_ma'
2025-04-20 19:53:52,363 - trading_bot - ERROR - ZIL/USDT analiz edilirken hata: 'short_ma'
2025-04-20 19:53:53,141 - trading_bot - ERROR - ZRX/USDT analiz edilirken hata: 'short_ma'
2025-04-20 19:54:02,073 - trading_bot - ERROR - BTC/USDT analiz edilirken hata: 'short_ma'
2025-04-20 19:54:02,855 - trading_bot - ERROR - ETH/USDT analiz edilirken hata: 'short_ma'
2025-04-20 19:54:03,638 - trading_bot - ERROR - BNB/USDT analiz edilirken hata: 'short_ma'
2025-04-20 19:54:04,425 - trading_bot - ERROR - NEO/USDT analiz edilirken hata: 'short_ma'
2025-04-20 19:54:05,212 - trading_bot - ERROR - LTC/USDT analiz edilirken hata: 'short_ma'
2025-04-20 19:54:05,996 - trading_bot - ERROR - QTUM/USDT analiz edilirken hata: 'short_ma'
2025-04-20 19:54:06,775 - trading_bot - ERROR - ADA/USDT analiz edilirken hata: 'short_ma'
2025-04-20 19:54:07,628 - trading_bot - ERROR - XRP/USDT analiz edilirken hata: 'short_ma'
2025-04-20 19:54:08,413 - trading_bot - ERROR - Analiz veritabanı kaydı hatası: 1064 (42000): You have an error in your SQL syntax; check the manual that corresponds to your MariaDB server version for the right syntax to use near 'signal, reason, timestamp, indicators_json)
                VALUES ('EOS/USDT', ' at line 1
2025-04-20 19:54:08,780 - trading_bot - WARNING - Satılacak EOS yok
2025-04-20 19:54:09,563 - trading_bot - ERROR - IOTA/USDT analiz edilirken hata: 'short_ma'
2025-04-20 19:54:10,349 - trading_bot - ERROR - XLM/USDT analiz edilirken hata: 'short_ma'
2025-04-20 19:54:11,132 - trading_bot - ERROR - TRX/USDT analiz edilirken hata: 'short_ma'
2025-04-20 19:54:11,918 - trading_bot - ERROR - ETC/USDT analiz edilirken hata: 'short_ma'
2025-04-20 19:54:12,700 - trading_bot - ERROR - VET/USDT analiz edilirken hata: 'short_ma'
2025-04-20 19:54:13,482 - trading_bot - ERROR - USDC/USDT analiz edilirken hata: 'short_ma'
2025-04-20 19:54:14,327 - trading_bot - ERROR - LINK/USDT analiz edilirken hata: 'short_ma'
2025-04-20 19:54:15,110 - trading_bot - ERROR - ZIL/USDT analiz edilirken hata: 'short_ma'
2025-04-20 19:54:15,895 - trading_bot - ERROR - ZRX/USDT analiz edilirken hata: 'short_ma'
2025-04-20 19:54:16,270 - trading_bot - ERROR - BTC/USDT analiz edilirken hata: 'short_ma'
2025-04-20 19:54:16,677 - trading_bot - ERROR - FET/USDT analiz edilirken hata: 'short_ma'
2025-04-20 19:54:17,054 - trading_bot - ERROR - ETH/USDT analiz edilirken hata: 'short_ma'
2025-04-20 19:54:17,463 - trading_bot - ERROR - Analiz veritabanı kaydı hatası: 1064 (42000): You have an error in your SQL syntax; check the manual that corresponds to your MariaDB server version for the right syntax to use near 'signal, reason, timestamp, indicators_json)
                VALUES ('ZEC/USDT', ' at line 1
2025-04-20 19:54:17,753 - trading_bot - WARNING - Yetersiz bakiye: 0.0
2025-04-20 19:54:17,845 - trading_bot - ERROR - BNB/USDT analiz edilirken hata: 'short_ma'
2025-04-20 19:54:18,621 - trading_bot - ERROR - NEO/USDT analiz edilirken hata: 'short_ma'
2025-04-20 19:54:19,400 - trading_bot - ERROR - LTC/USDT analiz edilirken hata: 'short_ma'
2025-04-20 19:54:20,181 - trading_bot - ERROR - QTUM/USDT analiz edilirken hata: 'short_ma'
2025-04-20 19:54:20,969 - trading_bot - ERROR - ADA/USDT analiz edilirken hata: 'short_ma'
2025-04-20 19:54:21,759 - trading_bot - ERROR - XRP/USDT analiz edilirken hata: 'short_ma'
2025-04-20 19:54:22,538 - trading_bot - ERROR - Analiz veritabanı kaydı hatası: 1064 (42000): You have an error in your SQL syntax; check the manual that corresponds to your MariaDB server version for the right syntax to use near 'signal, reason, timestamp, indicators_json)
                VALUES ('EOS/USDT', ' at line 1
2025-04-20 19:54:22,816 - trading_bot - WARNING - Satılacak EOS yok
2025-04-20 19:54:23,611 - trading_bot - ERROR - IOTA/USDT analiz edilirken hata: 'short_ma'
2025-04-20 19:54:24,392 - trading_bot - ERROR - XLM/USDT analiz edilirken hata: 'short_ma'
2025-04-20 19:54:25,179 - trading_bot - ERROR - TRX/USDT analiz edilirken hata: 'short_ma'
2025-04-20 19:54:25,963 - trading_bot - ERROR - ETC/USDT analiz edilirken hata: 'short_ma'
2025-04-20 19:54:26,104 - trading_bot - ERROR - BTC/USDT analiz edilirken hata: 'function' object has no attribute 'analyze'
2025-04-20 19:54:26,749 - trading_bot - ERROR - VET/USDT analiz edilirken hata: 'short_ma'
2025-04-20 19:54:26,890 - trading_bot - ERROR - ETH/USDT analiz edilirken hata: 'function' object has no attribute 'analyze'
2025-04-20 19:54:27,538 - trading_bot - ERROR - USDC/USDT analiz edilirken hata: 'short_ma'
2025-04-20 19:54:27,671 - trading_bot - ERROR - BNB/USDT analiz edilirken hata: 'function' object has no attribute 'analyze'
2025-04-20 19:54:28,313 - trading_bot - ERROR - LINK/USDT analiz edilirken hata: 'short_ma'
2025-04-20 19:54:28,450 - trading_bot - ERROR - NEO/USDT analiz edilirken hata: 'function' object has no attribute 'analyze'
2025-04-20 19:54:29,092 - trading_bot - ERROR - ZIL/USDT analiz edilirken hata: 'short_ma'
2025-04-20 19:54:29,236 - trading_bot - ERROR - LTC/USDT analiz edilirken hata: 'function' object has no attribute 'analyze'
2025-04-20 19:54:29,874 - trading_bot - ERROR - ZRX/USDT analiz edilirken hata: 'short_ma'
2025-04-20 19:54:30,015 - trading_bot - ERROR - QTUM/USDT analiz edilirken hata: 'function' object has no attribute 'analyze'
2025-04-20 19:54:30,657 - trading_bot - ERROR - FET/USDT analiz edilirken hata: 'short_ma'
2025-04-20 19:54:30,788 - trading_bot - ERROR - ADA/USDT analiz edilirken hata: 'function' object has no attribute 'analyze'
2025-04-20 19:54:31,439 - trading_bot - ERROR - Analiz veritabanı kaydı hatası: 1064 (42000): You have an error in your SQL syntax; check the manual that corresponds to your MariaDB server version for the right syntax to use near 'signal, reason, timestamp, indicators_json)
                VALUES ('ZEC/USDT', ' at line 1
2025-04-20 19:54:31,563 - trading_bot - ERROR - XRP/USDT analiz edilirken hata: 'function' object has no attribute 'analyze'
2025-04-20 19:54:31,727 - trading_bot - WARNING - Yetersiz bakiye: 0.0
2025-04-20 19:54:32,340 - trading_bot - ERROR - EOS/USDT analiz edilirken hata: 'function' object has no attribute 'analyze'
2025-04-20 19:54:33,120 - trading_bot - ERROR - IOTA/USDT analiz edilirken hata: 'function' object has no attribute 'analyze'
2025-04-20 19:54:33,901 - trading_bot - ERROR - XLM/USDT analiz edilirken hata: 'function' object has no attribute 'analyze'
2025-04-20 19:54:34,681 - trading_bot - ERROR - ONT/USDT analiz edilirken hata: 'function' object has no attribute 'analyze'
2025-04-20 19:54:35,459 - trading_bot - ERROR - TRX/USDT analiz edilirken hata: 'function' object has no attribute 'analyze'
2025-04-20 19:54:36,237 - trading_bot - ERROR - ETC/USDT analiz edilirken hata: 'function' object has no attribute 'analyze'
2025-04-20 19:54:37,017 - trading_bot - ERROR - VET/USDT analiz edilirken hata: 'function' object has no attribute 'analyze'
2025-04-20 19:54:37,796 - trading_bot - ERROR - USDC/USDT analiz edilirken hata: 'function' object has no attribute 'analyze'
2025-04-20 19:54:38,575 - trading_bot - ERROR - LINK/USDT analiz edilirken hata: 'function' object has no attribute 'analyze'
2025-04-20 19:54:39,349 - trading_bot - ERROR - HOT/USDT analiz edilirken hata: 'function' object has no attribute 'analyze'
2025-04-20 19:54:40,129 - trading_bot - ERROR - ZIL/USDT analiz edilirken hata: 'function' object has no attribute 'analyze'
2025-04-20 19:54:40,907 - trading_bot - ERROR - ZRX/USDT analiz edilirken hata: 'function' object has no attribute 'analyze'
2025-04-20 19:54:53,978 - trading_bot - ERROR - BTC/USDT analiz edilirken hata: 'short_ma'
2025-04-20 19:54:54,760 - trading_bot - ERROR - ETH/USDT analiz edilirken hata: 'short_ma'
2025-04-20 19:54:55,541 - trading_bot - ERROR - BNB/USDT analiz edilirken hata: 'short_ma'
2025-04-20 19:54:56,320 - trading_bot - ERROR - NEO/USDT analiz edilirken hata: 'short_ma'
2025-04-20 19:54:57,096 - trading_bot - ERROR - LTC/USDT analiz edilirken hata: 'short_ma'
2025-04-20 19:54:57,876 - trading_bot - ERROR - QTUM/USDT analiz edilirken hata: 'short_ma'
2025-04-20 19:54:58,658 - trading_bot - ERROR - ADA/USDT analiz edilirken hata: 'short_ma'
2025-04-20 19:54:59,436 - trading_bot - ERROR - XRP/USDT analiz edilirken hata: 'short_ma'
2025-04-20 19:55:00,217 - trading_bot - ERROR - Analiz veritabanı kaydı hatası: 1064 (42000): You have an error in your SQL syntax; check the manual that corresponds to your MariaDB server version for the right syntax to use near 'signal, reason, timestamp, indicators_json)
                VALUES ('EOS/USDT', ' at line 1
2025-04-20 19:55:00,503 - trading_bot - WARNING - Satılacak EOS yok
2025-04-20 19:55:01,284 - trading_bot - ERROR - IOTA/USDT analiz edilirken hata: 'short_ma'
2025-04-20 19:55:02,065 - trading_bot - ERROR - XLM/USDT analiz edilirken hata: 'short_ma'
2025-04-20 19:55:02,842 - trading_bot - ERROR - ONT/USDT analiz edilirken hata: 'short_ma'
2025-04-20 19:55:03,622 - trading_bot - ERROR - TRX/USDT analiz edilirken hata: 'short_ma'
2025-04-20 19:55:04,392 - trading_bot - ERROR - ETC/USDT analiz edilirken hata: 'short_ma'
2025-04-20 19:55:05,167 - trading_bot - ERROR - VET/USDT analiz edilirken hata: 'short_ma'
2025-04-20 19:55:05,946 - trading_bot - ERROR - USDC/USDT analiz edilirken hata: 'short_ma'
2025-04-20 19:55:06,724 - trading_bot - ERROR - LINK/USDT analiz edilirken hata: 'short_ma'
2025-04-20 19:55:07,508 - trading_bot - ERROR - HOT/USDT analiz edilirken hata: 'short_ma'
2025-04-20 19:55:08,285 - trading_bot - ERROR - ZIL/USDT analiz edilirken hata: 'short_ma'
2025-04-20 19:55:09,067 - trading_bot - ERROR - ZRX/USDT analiz edilirken hata: 'short_ma'
2025-04-20 19:55:18,539 - trading_bot - ERROR - BTC/USDT analiz edilirken hata: 'short_ma'
2025-04-20 19:55:19,320 - trading_bot - ERROR - ETH/USDT analiz edilirken hata: 'short_ma'
2025-04-20 19:55:20,105 - trading_bot - ERROR - BNB/USDT analiz edilirken hata: 'short_ma'
2025-04-20 19:55:20,894 - trading_bot - ERROR - NEO/USDT analiz edilirken hata: 'short_ma'
2025-04-20 19:55:21,675 - trading_bot - ERROR - LTC/USDT analiz edilirken hata: 'short_ma'
2025-04-20 19:55:22,459 - trading_bot - ERROR - QTUM/USDT analiz edilirken hata: 'short_ma'
2025-04-20 19:55:23,237 - trading_bot - ERROR - ADA/USDT analiz edilirken hata: 'short_ma'
2025-04-20 19:55:24,024 - trading_bot - ERROR - XRP/USDT analiz edilirken hata: 'short_ma'
2025-04-20 19:55:24,800 - trading_bot - ERROR - Analiz veritabanı kaydı hatası: 1064 (42000): You have an error in your SQL syntax; check the manual that corresponds to your MariaDB server version for the right syntax to use near 'signal, reason, timestamp, indicators_json)
                VALUES ('EOS/USDT', ' at line 1
2025-04-20 19:55:25,081 - trading_bot - WARNING - Satılacak EOS yok
2025-04-20 19:55:25,865 - trading_bot - ERROR - IOTA/USDT analiz edilirken hata: 'short_ma'
2025-04-20 19:55:26,649 - trading_bot - ERROR - XLM/USDT analiz edilirken hata: 'short_ma'
2025-04-20 19:55:27,430 - trading_bot - ERROR - TRX/USDT analiz edilirken hata: 'short_ma'
2025-04-20 19:55:28,220 - trading_bot - ERROR - ETC/USDT analiz edilirken hata: 'short_ma'
2025-04-20 19:55:29,000 - trading_bot - ERROR - VET/USDT analiz edilirken hata: 'short_ma'
2025-04-20 19:55:29,780 - trading_bot - ERROR - USDC/USDT analiz edilirken hata: 'short_ma'
2025-04-20 19:55:30,560 - trading_bot - ERROR - LINK/USDT analiz edilirken hata: 'short_ma'
2025-04-20 19:55:31,344 - trading_bot - ERROR - ZIL/USDT analiz edilirken hata: 'short_ma'
2025-04-20 19:55:32,121 - trading_bot - ERROR - ZRX/USDT analiz edilirken hata: 'short_ma'
2025-04-20 19:55:32,572 - trading_bot - ERROR - BTC/USDT analiz edilirken hata: 'short_ma'
2025-04-20 19:55:32,902 - trading_bot - ERROR - FET/USDT analiz edilirken hata: 'short_ma'
2025-04-20 19:55:33,357 - trading_bot - ERROR - ETH/USDT analiz edilirken hata: 'short_ma'
2025-04-20 19:55:33,681 - trading_bot - ERROR - Analiz veritabanı kaydı hatası: 1064 (42000): You have an error in your SQL syntax; check the manual that corresponds to your MariaDB server version for the right syntax to use near 'signal, reason, timestamp, indicators_json)
                VALUES ('ZEC/USDT', ' at line 1
2025-04-20 19:55:34,023 - trading_bot - WARNING - Yetersiz bakiye: 0.0
2025-04-20 19:55:34,141 - trading_bot - ERROR - BNB/USDT analiz edilirken hata: 'short_ma'
2025-04-20 19:55:34,920 - trading_bot - ERROR - NEO/USDT analiz edilirken hata: 'short_ma'
2025-04-20 19:55:35,706 - trading_bot - ERROR - LTC/USDT analiz edilirken hata: 'short_ma'
2025-04-20 19:55:36,489 - trading_bot - ERROR - QTUM/USDT analiz edilirken hata: 'short_ma'
2025-04-20 19:55:37,272 - trading_bot - ERROR - ADA/USDT analiz edilirken hata: 'short_ma'
2025-04-20 19:55:38,055 - trading_bot - ERROR - XRP/USDT analiz edilirken hata: 'short_ma'
2025-04-20 19:55:38,833 - trading_bot - ERROR - Analiz veritabanı kaydı hatası: 1064 (42000): You have an error in your SQL syntax; check the manual that corresponds to your MariaDB server version for the right syntax to use near 'signal, reason, timestamp, indicators_json)
                VALUES ('EOS/USDT', ' at line 1
2025-04-20 19:55:39,119 - trading_bot - WARNING - Satılacak EOS yok
2025-04-20 19:55:39,901 - trading_bot - ERROR - IOTA/USDT analiz edilirken hata: 'short_ma'
2025-04-20 19:55:40,681 - trading_bot - ERROR - XLM/USDT analiz edilirken hata: 'short_ma'
2025-04-20 19:55:41,468 - trading_bot - ERROR - TRX/USDT analiz edilirken hata: 'short_ma'
2025-04-20 19:55:41,744 - trading_bot - ERROR - BTC/USDT analiz edilirken hata: 'function' object has no attribute 'analyze'
2025-04-20 19:55:42,248 - trading_bot - ERROR - ETC/USDT analiz edilirken hata: 'short_ma'
2025-04-20 19:55:42,527 - trading_bot - ERROR - ETH/USDT analiz edilirken hata: 'function' object has no attribute 'analyze'
2025-04-20 19:55:43,029 - trading_bot - ERROR - VET/USDT analiz edilirken hata: 'short_ma'
2025-04-20 19:55:43,304 - trading_bot - ERROR - BNB/USDT analiz edilirken hata: 'function' object has no attribute 'analyze'
2025-04-20 19:55:43,809 - trading_bot - ERROR - USDC/USDT analiz edilirken hata: 'short_ma'
2025-04-20 19:55:44,085 - trading_bot - ERROR - NEO/USDT analiz edilirken hata: 'function' object has no attribute 'analyze'
2025-04-20 19:55:44,593 - trading_bot - ERROR - LINK/USDT analiz edilirken hata: 'short_ma'
2025-04-20 19:55:44,866 - trading_bot - ERROR - LTC/USDT analiz edilirken hata: 'function' object has no attribute 'analyze'
2025-04-20 19:55:45,373 - trading_bot - ERROR - ZIL/USDT analiz edilirken hata: 'short_ma'
2025-04-20 19:55:45,649 - trading_bot - ERROR - QTUM/USDT analiz edilirken hata: 'function' object has no attribute 'analyze'
2025-04-20 19:55:46,149 - trading_bot - ERROR - ZRX/USDT analiz edilirken hata: 'short_ma'
2025-04-20 19:55:46,424 - trading_bot - ERROR - ADA/USDT analiz edilirken hata: 'function' object has no attribute 'analyze'
2025-04-20 19:55:46,931 - trading_bot - ERROR - FET/USDT analiz edilirken hata: 'short_ma'
2025-04-20 19:55:47,203 - trading_bot - ERROR - XRP/USDT analiz edilirken hata: 'function' object has no attribute 'analyze'
2025-04-20 19:55:47,713 - trading_bot - ERROR - Analiz veritabanı kaydı hatası: 1064 (42000): You have an error in your SQL syntax; check the manual that corresponds to your MariaDB server version for the right syntax to use near 'signal, reason, timestamp, indicators_json)
                VALUES ('ZEC/USDT', ' at line 1
2025-04-20 19:55:47,987 - trading_bot - ERROR - EOS/USDT analiz edilirken hata: 'function' object has no attribute 'analyze'
2025-04-20 19:55:47,996 - trading_bot - WARNING - Yetersiz bakiye: 0.0
2025-04-20 19:55:48,766 - trading_bot - ERROR - IOTA/USDT analiz edilirken hata: 'function' object has no attribute 'analyze'
2025-04-20 19:55:49,547 - trading_bot - ERROR - XLM/USDT analiz edilirken hata: 'function' object has no attribute 'analyze'
2025-04-20 19:55:50,323 - trading_bot - ERROR - ONT/USDT analiz edilirken hata: 'function' object has no attribute 'analyze'
2025-04-20 19:55:51,100 - trading_bot - ERROR - TRX/USDT analiz edilirken hata: 'function' object has no attribute 'analyze'
2025-04-20 19:55:51,880 - trading_bot - ERROR - ETC/USDT analiz edilirken hata: 'function' object has no attribute 'analyze'
2025-04-20 19:55:52,660 - trading_bot - ERROR - VET/USDT analiz edilirken hata: 'function' object has no attribute 'analyze'
2025-04-20 19:55:53,441 - trading_bot - ERROR - USDC/USDT analiz edilirken hata: 'function' object has no attribute 'analyze'
2025-04-20 19:55:54,224 - trading_bot - ERROR - LINK/USDT analiz edilirken hata: 'function' object has no attribute 'analyze'
2025-04-20 19:55:55,005 - trading_bot - ERROR - HOT/USDT analiz edilirken hata: 'function' object has no attribute 'analyze'
2025-04-20 19:55:55,786 - trading_bot - ERROR - ZIL/USDT analiz edilirken hata: 'function' object has no attribute 'analyze'
2025-04-20 19:55:56,566 - trading_bot - ERROR - ZRX/USDT analiz edilirken hata: 'function' object has no attribute 'analyze'
2025-04-20 19:56:09,909 - trading_bot - ERROR - BTC/USDT analiz edilirken hata: 'short_ma'
2025-04-20 19:56:10,687 - trading_bot - ERROR - ETH/USDT analiz edilirken hata: 'short_ma'
2025-04-20 19:56:11,464 - trading_bot - ERROR - BNB/USDT analiz edilirken hata: 'short_ma'
2025-04-20 19:56:12,247 - trading_bot - ERROR - NEO/USDT analiz edilirken hata: 'short_ma'
2025-04-20 19:56:13,030 - trading_bot - ERROR - LTC/USDT analiz edilirken hata: 'short_ma'
2025-04-20 19:56:13,817 - trading_bot - ERROR - QTUM/USDT analiz edilirken hata: 'short_ma'
2025-04-20 19:56:14,594 - trading_bot - ERROR - ADA/USDT analiz edilirken hata: 'short_ma'
2025-04-20 19:56:15,372 - trading_bot - ERROR - XRP/USDT analiz edilirken hata: 'short_ma'
2025-04-20 19:56:16,152 - trading_bot - ERROR - Analiz veritabanı kaydı hatası: 1064 (42000): You have an error in your SQL syntax; check the manual that corresponds to your MariaDB server version for the right syntax to use near 'signal, reason, timestamp, indicators_json)
                VALUES ('EOS/USDT', ' at line 1
2025-04-20 19:56:16,429 - trading_bot - WARNING - Satılacak EOS yok
2025-04-20 19:56:17,207 - trading_bot - ERROR - IOTA/USDT analiz edilirken hata: 'short_ma'
2025-04-20 19:56:17,981 - trading_bot - ERROR - XLM/USDT analiz edilirken hata: 'short_ma'
2025-04-20 19:56:18,758 - trading_bot - ERROR - ONT/USDT analiz edilirken hata: 'short_ma'
2025-04-20 19:56:19,541 - trading_bot - ERROR - TRX/USDT analiz edilirken hata: 'short_ma'
2025-04-20 19:56:20,322 - trading_bot - ERROR - ETC/USDT analiz edilirken hata: 'short_ma'
2025-04-20 19:56:21,102 - trading_bot - ERROR - VET/USDT analiz edilirken hata: 'short_ma'
2025-04-20 19:56:21,879 - trading_bot - ERROR - USDC/USDT analiz edilirken hata: 'short_ma'
2025-04-20 19:56:22,653 - trading_bot - ERROR - LINK/USDT analiz edilirken hata: 'short_ma'
2025-04-20 19:56:23,433 - trading_bot - ERROR - HOT/USDT analiz edilirken hata: 'short_ma'
2025-04-20 19:56:24,214 - trading_bot - ERROR - ZIL/USDT analiz edilirken hata: 'short_ma'
2025-04-20 19:56:24,987 - trading_bot - ERROR - ZRX/USDT analiz edilirken hata: 'short_ma'
2025-04-20 19:56:34,854 - trading_bot - ERROR - BTC/USDT analiz edilirken hata: 'short_ma'
2025-04-20 19:56:35,632 - trading_bot - ERROR - ETH/USDT analiz edilirken hata: 'short_ma'
2025-04-20 19:56:36,407 - trading_bot - ERROR - BNB/USDT analiz edilirken hata: 'short_ma'
2025-04-20 19:56:37,183 - trading_bot - ERROR - NEO/USDT analiz edilirken hata: 'short_ma'
2025-04-20 19:56:37,962 - trading_bot - ERROR - LTC/USDT analiz edilirken hata: 'short_ma'
2025-04-20 19:56:38,747 - trading_bot - ERROR - QTUM/USDT analiz edilirken hata: 'short_ma'
2025-04-20 19:56:39,527 - trading_bot - ERROR - ADA/USDT analiz edilirken hata: 'short_ma'
2025-04-20 19:56:40,310 - trading_bot - ERROR - XRP/USDT analiz edilirken hata: 'short_ma'
2025-04-20 19:56:41,095 - trading_bot - ERROR - Analiz veritabanı kaydı hatası: 1064 (42000): You have an error in your SQL syntax; check the manual that corresponds to your MariaDB server version for the right syntax to use near 'signal, reason, timestamp, indicators_json)
                VALUES ('EOS/USDT', ' at line 1
2025-04-20 19:56:41,380 - trading_bot - WARNING - Satılacak EOS yok
2025-04-20 19:56:42,162 - trading_bot - ERROR - IOTA/USDT analiz edilirken hata: 'short_ma'
2025-04-20 19:56:42,937 - trading_bot - ERROR - XLM/USDT analiz edilirken hata: 'short_ma'
2025-04-20 19:56:43,718 - trading_bot - ERROR - TRX/USDT analiz edilirken hata: 'short_ma'
2025-04-20 19:56:44,503 - trading_bot - ERROR - ETC/USDT analiz edilirken hata: 'short_ma'
2025-04-20 19:56:45,280 - trading_bot - ERROR - VET/USDT analiz edilirken hata: 'short_ma'
2025-04-20 19:56:46,051 - trading_bot - ERROR - USDC/USDT analiz edilirken hata: 'short_ma'
2025-04-20 19:56:46,828 - trading_bot - ERROR - LINK/USDT analiz edilirken hata: 'short_ma'
2025-04-20 19:56:47,609 - trading_bot - ERROR - ZIL/USDT analiz edilirken hata: 'short_ma'
2025-04-20 19:56:48,387 - trading_bot - ERROR - ZRX/USDT analiz edilirken hata: 'short_ma'
2025-04-20 19:56:48,845 - trading_bot - ERROR - BTC/USDT analiz edilirken hata: 'short_ma'
2025-04-20 19:56:49,169 - trading_bot - ERROR - FET/USDT analiz edilirken hata: 'short_ma'
2025-04-20 19:56:49,630 - trading_bot - ERROR - ETH/USDT analiz edilirken hata: 'short_ma'
2025-04-20 19:56:49,955 - trading_bot - ERROR - Analiz veritabanı kaydı hatası: 1064 (42000): You have an error in your SQL syntax; check the manual that corresponds to your MariaDB server version for the right syntax to use near 'signal, reason, timestamp, indicators_json)
                VALUES ('ZEC/USDT', ' at line 1
2025-04-20 19:56:50,234 - trading_bot - WARNING - Yetersiz bakiye: 0.0
2025-04-20 19:56:50,455 - trading_bot - ERROR - BNB/USDT analiz edilirken hata: 'short_ma'
2025-04-20 19:56:51,242 - trading_bot - ERROR - NEO/USDT analiz edilirken hata: 'short_ma'
2025-04-20 19:56:52,020 - trading_bot - ERROR - LTC/USDT analiz edilirken hata: 'short_ma'
2025-04-20 19:56:52,808 - trading_bot - ERROR - QTUM/USDT analiz edilirken hata: 'short_ma'
2025-04-20 19:56:53,587 - trading_bot - ERROR - ADA/USDT analiz edilirken hata: 'short_ma'
2025-04-20 19:56:54,368 - trading_bot - ERROR - XRP/USDT analiz edilirken hata: 'short_ma'
2025-04-20 19:56:55,152 - trading_bot - ERROR - Analiz veritabanı kaydı hatası: 1064 (42000): You have an error in your SQL syntax; check the manual that corresponds to your MariaDB server version for the right syntax to use near 'signal, reason, timestamp, indicators_json)
                VALUES ('EOS/USDT', ' at line 1
2025-04-20 19:56:55,443 - trading_bot - WARNING - Satılacak EOS yok
2025-04-20 19:56:56,223 - trading_bot - ERROR - IOTA/USDT analiz edilirken hata: 'short_ma'
2025-04-20 19:56:57,009 - trading_bot - ERROR - XLM/USDT analiz edilirken hata: 'short_ma'
2025-04-20 19:56:57,371 - trading_bot - ERROR - BTC/USDT analiz edilirken hata: 'function' object has no attribute 'analyze'
2025-04-20 19:56:57,797 - trading_bot - ERROR - TRX/USDT analiz edilirken hata: 'short_ma'
2025-04-20 19:56:58,146 - trading_bot - ERROR - ETH/USDT analiz edilirken hata: 'function' object has no attribute 'analyze'
2025-04-20 19:56:58,572 - trading_bot - ERROR - ETC/USDT analiz edilirken hata: 'short_ma'
2025-04-20 19:56:58,920 - trading_bot - ERROR - BNB/USDT analiz edilirken hata: 'function' object has no attribute 'analyze'
2025-04-20 19:56:59,384 - trading_bot - ERROR - VET/USDT analiz edilirken hata: 'short_ma'
2025-04-20 19:56:59,703 - trading_bot - ERROR - NEO/USDT analiz edilirken hata: 'function' object has no attribute 'analyze'
2025-04-20 19:57:00,170 - trading_bot - ERROR - USDC/USDT analiz edilirken hata: 'short_ma'
2025-04-20 19:57:00,481 - trading_bot - ERROR - LTC/USDT analiz edilirken hata: 'function' object has no attribute 'analyze'
2025-04-20 19:57:00,953 - trading_bot - ERROR - LINK/USDT analiz edilirken hata: 'short_ma'
2025-04-20 19:57:01,260 - trading_bot - ERROR - QTUM/USDT analiz edilirken hata: 'function' object has no attribute 'analyze'
2025-04-20 19:57:01,811 - trading_bot - ERROR - ZIL/USDT analiz edilirken hata: 'short_ma'
2025-04-20 19:57:02,038 - trading_bot - ERROR - ADA/USDT analiz edilirken hata: 'function' object has no attribute 'analyze'
2025-04-20 19:57:02,590 - trading_bot - ERROR - ZRX/USDT analiz edilirken hata: 'short_ma'
2025-04-20 19:57:02,810 - trading_bot - ERROR - XRP/USDT analiz edilirken hata: 'function' object has no attribute 'analyze'
2025-04-20 19:57:03,370 - trading_bot - ERROR - FET/USDT analiz edilirken hata: 'short_ma'
2025-04-20 19:57:03,591 - trading_bot - ERROR - EOS/USDT analiz edilirken hata: 'function' object has no attribute 'analyze'
2025-04-20 19:57:04,152 - trading_bot - ERROR - Analiz veritabanı kaydı hatası: 1064 (42000): You have an error in your SQL syntax; check the manual that corresponds to your MariaDB server version for the right syntax to use near 'signal, reason, timestamp, indicators_json)
                VALUES ('ZEC/USDT', ' at line 1
2025-04-20 19:57:04,367 - trading_bot - ERROR - IOTA/USDT analiz edilirken hata: 'function' object has no attribute 'analyze'
2025-04-20 19:57:04,435 - trading_bot - WARNING - Yetersiz bakiye: 0.0
2025-04-20 19:57:05,151 - trading_bot - ERROR - XLM/USDT analiz edilirken hata: 'function' object has no attribute 'analyze'
2025-04-20 19:57:05,931 - trading_bot - ERROR - ONT/USDT analiz edilirken hata: 'function' object has no attribute 'analyze'
2025-04-20 19:57:06,705 - trading_bot - ERROR - TRX/USDT analiz edilirken hata: 'function' object has no attribute 'analyze'
2025-04-20 19:57:07,482 - trading_bot - ERROR - ETC/USDT analiz edilirken hata: 'function' object has no attribute 'analyze'
2025-04-20 19:57:08,261 - trading_bot - ERROR - VET/USDT analiz edilirken hata: 'function' object has no attribute 'analyze'
2025-04-20 19:57:09,043 - trading_bot - ERROR - USDC/USDT analiz edilirken hata: 'function' object has no attribute 'analyze'
2025-04-20 19:57:09,824 - trading_bot - ERROR - LINK/USDT analiz edilirken hata: 'function' object has no attribute 'analyze'
2025-04-20 19:57:10,599 - trading_bot - ERROR - HOT/USDT analiz edilirken hata: 'function' object has no attribute 'analyze'
2025-04-20 19:57:11,381 - trading_bot - ERROR - ZIL/USDT analiz edilirken hata: 'function' object has no attribute 'analyze'
2025-04-20 19:57:12,160 - trading_bot - ERROR - ZRX/USDT analiz edilirken hata: 'function' object has no attribute 'analyze'
2025-04-20 19:57:25,825 - trading_bot - ERROR - BTC/USDT analiz edilirken hata: 'short_ma'
2025-04-20 19:57:26,604 - trading_bot - ERROR - ETH/USDT analiz edilirken hata: 'short_ma'
2025-04-20 19:57:27,384 - trading_bot - ERROR - BNB/USDT analiz edilirken hata: 'short_ma'
2025-04-20 19:57:28,163 - trading_bot - ERROR - NEO/USDT analiz edilirken hata: 'short_ma'
2025-04-20 19:57:28,938 - trading_bot - ERROR - LTC/USDT analiz edilirken hata: 'short_ma'
2025-04-20 19:57:29,712 - trading_bot - ERROR - QTUM/USDT analiz edilirken hata: 'short_ma'
2025-04-20 19:57:30,486 - trading_bot - ERROR - ADA/USDT analiz edilirken hata: 'short_ma'
2025-04-20 19:57:31,265 - trading_bot - ERROR - XRP/USDT analiz edilirken hata: 'short_ma'
2025-04-20 19:57:32,041 - trading_bot - ERROR - Analiz veritabanı kaydı hatası: 1064 (42000): You have an error in your SQL syntax; check the manual that corresponds to your MariaDB server version for the right syntax to use near 'signal, reason, timestamp, indicators_json)
                VALUES ('EOS/USDT', ' at line 1
2025-04-20 19:57:32,312 - trading_bot - WARNING - Satılacak EOS yok
2025-04-20 19:57:33,094 - trading_bot - ERROR - IOTA/USDT analiz edilirken hata: 'short_ma'
2025-04-20 19:57:33,873 - trading_bot - ERROR - XLM/USDT analiz edilirken hata: 'short_ma'
2025-04-20 19:57:34,652 - trading_bot - ERROR - ONT/USDT analiz edilirken hata: 'short_ma'
2025-04-20 19:57:35,431 - trading_bot - ERROR - TRX/USDT analiz edilirken hata: 'short_ma'
2025-04-20 19:57:36,208 - trading_bot - ERROR - ETC/USDT analiz edilirken hata: 'short_ma'
2025-04-20 19:57:36,986 - trading_bot - ERROR - VET/USDT analiz edilirken hata: 'short_ma'
2025-04-20 19:57:37,759 - trading_bot - ERROR - USDC/USDT analiz edilirken hata: 'short_ma'
2025-04-20 19:57:38,528 - trading_bot - ERROR - LINK/USDT analiz edilirken hata: 'short_ma'
2025-04-20 19:57:39,299 - trading_bot - ERROR - HOT/USDT analiz edilirken hata: 'short_ma'
2025-04-20 19:57:40,076 - trading_bot - ERROR - ZIL/USDT analiz edilirken hata: 'short_ma'
2025-04-20 19:57:40,849 - trading_bot - ERROR - ZRX/USDT analiz edilirken hata: 'short_ma'
2025-04-20 19:57:51,029 - trading_bot - ERROR - BTC/USDT analiz edilirken hata: 'short_ma'
2025-04-20 19:57:51,810 - trading_bot - ERROR - ETH/USDT analiz edilirken hata: 'short_ma'
2025-04-20 19:57:52,613 - trading_bot - ERROR - BNB/USDT analiz edilirken hata: 'short_ma'
2025-04-20 19:57:53,394 - trading_bot - ERROR - NEO/USDT analiz edilirken hata: 'short_ma'
2025-04-20 19:57:54,181 - trading_bot - ERROR - LTC/USDT analiz edilirken hata: 'short_ma'
2025-04-20 19:57:54,970 - trading_bot - ERROR - QTUM/USDT analiz edilirken hata: 'short_ma'
2025-04-20 19:57:55,753 - trading_bot - ERROR - ADA/USDT analiz edilirken hata: 'short_ma'
2025-04-20 19:57:56,534 - trading_bot - ERROR - XRP/USDT analiz edilirken hata: 'short_ma'
2025-04-20 19:57:57,314 - trading_bot - ERROR - Analiz veritabanı kaydı hatası: 1064 (42000): You have an error in your SQL syntax; check the manual that corresponds to your MariaDB server version for the right syntax to use near 'signal, reason, timestamp, indicators_json)
                VALUES ('EOS/USDT', ' at line 1
2025-04-20 19:57:57,599 - trading_bot - WARNING - Satılacak EOS yok
2025-04-20 19:57:58,382 - trading_bot - ERROR - IOTA/USDT analiz edilirken hata: 'short_ma'
2025-04-20 19:57:59,161 - trading_bot - ERROR - XLM/USDT analiz edilirken hata: 'short_ma'
2025-04-20 19:57:59,940 - trading_bot - ERROR - TRX/USDT analiz edilirken hata: 'short_ma'
2025-04-20 19:58:00,721 - trading_bot - ERROR - ETC/USDT analiz edilirken hata: 'short_ma'
2025-04-20 19:58:01,499 - trading_bot - ERROR - VET/USDT analiz edilirken hata: 'short_ma'
2025-04-20 19:58:02,283 - trading_bot - ERROR - USDC/USDT analiz edilirken hata: 'short_ma'
2025-04-20 19:58:03,069 - trading_bot - ERROR - LINK/USDT analiz edilirken hata: 'short_ma'
2025-04-20 19:58:03,927 - trading_bot - ERROR - ZIL/USDT analiz edilirken hata: 'short_ma'
2025-04-20 19:58:04,715 - trading_bot - ERROR - ZRX/USDT analiz edilirken hata: 'short_ma'
2025-04-20 19:58:05,228 - trading_bot - ERROR - BTC/USDT analiz edilirken hata: 'short_ma'
2025-04-20 19:58:05,499 - trading_bot - ERROR - FET/USDT analiz edilirken hata: 'short_ma'
2025-04-20 19:58:06,004 - trading_bot - ERROR - ETH/USDT analiz edilirken hata: 'short_ma'
2025-04-20 19:58:06,282 - trading_bot - ERROR - Analiz veritabanı kaydı hatası: 1064 (42000): You have an error in your SQL syntax; check the manual that corresponds to your MariaDB server version for the right syntax to use near 'signal, reason, timestamp, indicators_json)
                VALUES ('ZEC/USDT', ' at line 1
2025-04-20 19:58:06,570 - trading_bot - WARNING - Yetersiz bakiye: 0.0
2025-04-20 19:58:06,786 - trading_bot - ERROR - BNB/USDT analiz edilirken hata: 'short_ma'
2025-04-20 19:58:07,563 - trading_bot - ERROR - NEO/USDT analiz edilirken hata: 'short_ma'
2025-04-20 19:58:08,345 - trading_bot - ERROR - LTC/USDT analiz edilirken hata: 'short_ma'
2025-04-20 19:58:09,125 - trading_bot - ERROR - QTUM/USDT analiz edilirken hata: 'short_ma'
2025-04-20 19:58:09,907 - trading_bot - ERROR - ADA/USDT analiz edilirken hata: 'short_ma'
2025-04-20 19:58:10,687 - trading_bot - ERROR - XRP/USDT analiz edilirken hata: 'short_ma'
2025-04-20 19:58:11,471 - trading_bot - ERROR - Analiz veritabanı kaydı hatası: 1064 (42000): You have an error in your SQL syntax; check the manual that corresponds to your MariaDB server version for the right syntax to use near 'signal, reason, timestamp, indicators_json)
                VALUES ('EOS/USDT', ' at line 1
2025-04-20 19:58:11,760 - trading_bot - WARNING - Satılacak EOS yok
2025-04-20 19:58:12,541 - trading_bot - ERROR - IOTA/USDT analiz edilirken hata: 'short_ma'
2025-04-20 19:58:12,949 - trading_bot - ERROR - BTC/USDT analiz edilirken hata: 'function' object has no attribute 'analyze'
2025-04-20 19:58:13,321 - trading_bot - ERROR - XLM/USDT analiz edilirken hata: 'short_ma'
2025-04-20 19:58:13,837 - trading_bot - ERROR - ETH/USDT analiz edilirken hata: 'function' object has no attribute 'analyze'
2025-04-20 19:58:14,104 - trading_bot - ERROR - TRX/USDT analiz edilirken hata: 'short_ma'
2025-04-20 19:58:14,614 - trading_bot - ERROR - BNB/USDT analiz edilirken hata: 'function' object has no attribute 'analyze'
2025-04-20 19:58:14,883 - trading_bot - ERROR - ETC/USDT analiz edilirken hata: 'short_ma'
2025-04-20 19:58:15,391 - trading_bot - ERROR - NEO/USDT analiz edilirken hata: 'function' object has no attribute 'analyze'
2025-04-20 19:58:15,667 - trading_bot - ERROR - VET/USDT analiz edilirken hata: 'short_ma'
2025-04-20 19:58:16,171 - trading_bot - ERROR - LTC/USDT analiz edilirken hata: 'function' object has no attribute 'analyze'
2025-04-20 19:58:16,451 - trading_bot - ERROR - USDC/USDT analiz edilirken hata: 'short_ma'
2025-04-20 19:58:16,948 - trading_bot - ERROR - QTUM/USDT analiz edilirken hata: 'function' object has no attribute 'analyze'
2025-04-20 19:58:17,233 - trading_bot - ERROR - LINK/USDT analiz edilirken hata: 'short_ma'
2025-04-20 19:58:17,730 - trading_bot - ERROR - ADA/USDT analiz edilirken hata: 'function' object has no attribute 'analyze'
2025-04-20 19:58:18,019 - trading_bot - ERROR - ZIL/USDT analiz edilirken hata: 'short_ma'
2025-04-20 19:58:18,512 - trading_bot - ERROR - XRP/USDT analiz edilirken hata: 'function' object has no attribute 'analyze'
2025-04-20 19:58:18,805 - trading_bot - ERROR - ZRX/USDT analiz edilirken hata: 'short_ma'
2025-04-20 19:58:19,287 - trading_bot - ERROR - EOS/USDT analiz edilirken hata: 'function' object has no attribute 'analyze'
2025-04-20 19:58:19,588 - trading_bot - ERROR - FET/USDT analiz edilirken hata: 'short_ma'
2025-04-20 19:58:20,063 - trading_bot - ERROR - IOTA/USDT analiz edilirken hata: 'function' object has no attribute 'analyze'
2025-04-20 19:58:20,367 - trading_bot - ERROR - Analiz veritabanı kaydı hatası: 1064 (42000): You have an error in your SQL syntax; check the manual that corresponds to your MariaDB server version for the right syntax to use near 'signal, reason, timestamp, indicators_json)
                VALUES ('ZEC/USDT', ' at line 1
2025-04-20 19:58:20,653 - trading_bot - WARNING - Yetersiz bakiye: 0.0
2025-04-20 19:58:20,842 - trading_bot - ERROR - XLM/USDT analiz edilirken hata: 'function' object has no attribute 'analyze'
2025-04-20 19:58:21,622 - trading_bot - ERROR - ONT/USDT analiz edilirken hata: 'function' object has no attribute 'analyze'
2025-04-20 19:58:22,397 - trading_bot - ERROR - TRX/USDT analiz edilirken hata: 'function' object has no attribute 'analyze'
2025-04-20 19:58:23,174 - trading_bot - ERROR - ETC/USDT analiz edilirken hata: 'function' object has no attribute 'analyze'
2025-04-20 19:58:23,950 - trading_bot - ERROR - VET/USDT analiz edilirken hata: 'function' object has no attribute 'analyze'
2025-04-20 19:58:24,730 - trading_bot - ERROR - USDC/USDT analiz edilirken hata: 'function' object has no attribute 'analyze'
2025-04-20 19:58:25,512 - trading_bot - ERROR - LINK/USDT analiz edilirken hata: 'function' object has no attribute 'analyze'
2025-04-20 19:58:26,287 - trading_bot - ERROR - HOT/USDT analiz edilirken hata: 'function' object has no attribute 'analyze'
2025-04-20 19:58:27,068 - trading_bot - ERROR - ZIL/USDT analiz edilirken hata: 'function' object has no attribute 'analyze'
2025-04-20 19:58:27,849 - trading_bot - ERROR - ZRX/USDT analiz edilirken hata: 'function' object has no attribute 'analyze'
2025-04-20 19:58:41,639 - trading_bot - ERROR - BTC/USDT analiz edilirken hata: 'short_ma'
2025-04-20 19:58:42,417 - trading_bot - ERROR - ETH/USDT analiz edilirken hata: 'short_ma'
2025-04-20 19:58:43,206 - trading_bot - ERROR - BNB/USDT analiz edilirken hata: 'short_ma'
2025-04-20 19:58:43,994 - trading_bot - ERROR - NEO/USDT analiz edilirken hata: 'short_ma'
2025-04-20 19:58:44,791 - trading_bot - ERROR - LTC/USDT analiz edilirken hata: 'short_ma'
2025-04-20 19:58:45,581 - trading_bot - ERROR - QTUM/USDT analiz edilirken hata: 'short_ma'
2025-04-20 19:58:46,368 - trading_bot - ERROR - ADA/USDT analiz edilirken hata: 'short_ma'
2025-04-20 19:58:47,145 - trading_bot - ERROR - XRP/USDT analiz edilirken hata: 'short_ma'
2025-04-20 19:58:47,925 - trading_bot - ERROR - Analiz veritabanı kaydı hatası: 1064 (42000): You have an error in your SQL syntax; check the manual that corresponds to your MariaDB server version for the right syntax to use near 'signal, reason, timestamp, indicators_json)
                VALUES ('EOS/USDT', ' at line 1
2025-04-20 19:58:48,219 - trading_bot - WARNING - Satılacak EOS yok
2025-04-20 19:58:48,998 - trading_bot - ERROR - IOTA/USDT analiz edilirken hata: 'short_ma'
2025-04-20 19:58:49,770 - trading_bot - ERROR - XLM/USDT analiz edilirken hata: 'short_ma'
2025-04-20 19:58:50,545 - trading_bot - ERROR - ONT/USDT analiz edilirken hata: 'short_ma'
2025-04-20 19:58:51,342 - trading_bot - ERROR - Analiz veritabanı kaydı hatası: 1064 (42000): You have an error in your SQL syntax; check the manual that corresponds to your MariaDB server version for the right syntax to use near 'signal, reason, timestamp, indicators_json)
                VALUES ('TRX/USDT', ' at line 1
2025-04-20 19:58:51,630 - trading_bot - WARNING - Satılacak TRX yok
2025-04-20 19:58:52,403 - trading_bot - ERROR - ETC/USDT analiz edilirken hata: 'short_ma'
2025-04-20 19:58:53,186 - trading_bot - ERROR - VET/USDT analiz edilirken hata: 'short_ma'
2025-04-20 19:58:53,970 - trading_bot - ERROR - USDC/USDT analiz edilirken hata: 'short_ma'
2025-04-20 19:58:54,751 - trading_bot - ERROR - LINK/USDT analiz edilirken hata: 'short_ma'
2025-04-20 19:58:55,529 - trading_bot - ERROR - HOT/USDT analiz edilirken hata: 'short_ma'
2025-04-20 19:58:56,316 - trading_bot - ERROR - ZIL/USDT analiz edilirken hata: 'short_ma'
2025-04-20 19:58:57,094 - trading_bot - ERROR - ZRX/USDT analiz edilirken hata: 'short_ma'
2025-04-20 19:59:07,408 - trading_bot - ERROR - BTC/USDT analiz edilirken hata: 'short_ma'
2025-04-20 19:59:08,185 - trading_bot - ERROR - ETH/USDT analiz edilirken hata: 'short_ma'
2025-04-20 19:59:08,964 - trading_bot - ERROR - BNB/USDT analiz edilirken hata: 'short_ma'
2025-04-20 19:59:09,744 - trading_bot - ERROR - NEO/USDT analiz edilirken hata: 'short_ma'
2025-04-20 19:59:10,527 - trading_bot - ERROR - LTC/USDT analiz edilirken hata: 'short_ma'
2025-04-20 19:59:11,309 - trading_bot - ERROR - QTUM/USDT analiz edilirken hata: 'short_ma'
2025-04-20 19:59:12,092 - trading_bot - ERROR - ADA/USDT analiz edilirken hata: 'short_ma'
2025-04-20 19:59:12,873 - trading_bot - ERROR - XRP/USDT analiz edilirken hata: 'short_ma'
2025-04-20 19:59:13,666 - trading_bot - ERROR - Analiz veritabanı kaydı hatası: 1064 (42000): You have an error in your SQL syntax; check the manual that corresponds to your MariaDB server version for the right syntax to use near 'signal, reason, timestamp, indicators_json)
                VALUES ('EOS/USDT', ' at line 1
2025-04-20 19:59:13,976 - trading_bot - WARNING - Satılacak EOS yok
2025-04-20 19:59:14,758 - trading_bot - ERROR - IOTA/USDT analiz edilirken hata: 'short_ma'
2025-04-20 19:59:15,561 - trading_bot - ERROR - XLM/USDT analiz edilirken hata: 'short_ma'
2025-04-20 19:59:16,351 - trading_bot - ERROR - Analiz veritabanı kaydı hatası: 1064 (42000): You have an error in your SQL syntax; check the manual that corresponds to your MariaDB server version for the right syntax to use near 'signal, reason, timestamp, indicators_json)
                VALUES ('TRX/USDT', ' at line 1
2025-04-20 19:59:16,651 - trading_bot - WARNING - Satılacak TRX yok
2025-04-20 19:59:17,432 - trading_bot - ERROR - ETC/USDT analiz edilirken hata: 'short_ma'
2025-04-20 19:59:18,214 - trading_bot - ERROR - VET/USDT analiz edilirken hata: 'short_ma'
2025-04-20 19:59:18,996 - trading_bot - ERROR - USDC/USDT analiz edilirken hata: 'short_ma'
2025-04-20 19:59:19,780 - trading_bot - ERROR - LINK/USDT analiz edilirken hata: 'short_ma'
2025-04-20 19:59:20,557 - trading_bot - ERROR - ZIL/USDT analiz edilirken hata: 'short_ma'
2025-04-20 19:59:21,339 - trading_bot - ERROR - ZRX/USDT analiz edilirken hata: 'short_ma'
2025-04-20 19:59:21,487 - trading_bot - ERROR - BTC/USDT analiz edilirken hata: 'short_ma'
2025-04-20 19:59:22,114 - trading_bot - ERROR - FET/USDT analiz edilirken hata: 'short_ma'
2025-04-20 19:59:22,265 - trading_bot - ERROR - ETH/USDT analiz edilirken hata: 'short_ma'
2025-04-20 19:59:22,895 - trading_bot - ERROR - Analiz veritabanı kaydı hatası: 1064 (42000): You have an error in your SQL syntax; check the manual that corresponds to your MariaDB server version for the right syntax to use near 'signal, reason, timestamp, indicators_json)
                VALUES ('ZEC/USDT', ' at line 1
2025-04-20 19:59:23,039 - trading_bot - ERROR - BNB/USDT analiz edilirken hata: 'short_ma'
2025-04-20 19:59:23,179 - trading_bot - WARNING - Yetersiz bakiye: 0.0
2025-04-20 19:59:23,814 - trading_bot - ERROR - NEO/USDT analiz edilirken hata: 'short_ma'
2025-04-20 19:59:24,590 - trading_bot - ERROR - LTC/USDT analiz edilirken hata: 'short_ma'
2025-04-20 19:59:25,376 - trading_bot - ERROR - QTUM/USDT analiz edilirken hata: 'short_ma'
2025-04-20 19:59:26,167 - trading_bot - ERROR - ADA/USDT analiz edilirken hata: 'short_ma'
2025-04-20 19:59:26,951 - trading_bot - ERROR - XRP/USDT analiz edilirken hata: 'short_ma'
2025-04-20 19:59:27,733 - trading_bot - ERROR - Analiz veritabanı kaydı hatası: 1064 (42000): You have an error in your SQL syntax; check the manual that corresponds to your MariaDB server version for the right syntax to use near 'signal, reason, timestamp, indicators_json)
                VALUES ('EOS/USDT', ' at line 1
2025-04-20 19:59:28,021 - trading_bot - WARNING - Satılacak EOS yok
2025-04-20 19:59:28,694 - trading_bot - ERROR - BTC/USDT analiz edilirken hata: 'function' object has no attribute 'analyze'
2025-04-20 19:59:28,808 - trading_bot - ERROR - IOTA/USDT analiz edilirken hata: 'short_ma'
2025-04-20 19:59:29,494 - trading_bot - ERROR - ETH/USDT analiz edilirken hata: 'function' object has no attribute 'analyze'
2025-04-20 19:59:29,590 - trading_bot - ERROR - XLM/USDT analiz edilirken hata: 'short_ma'
2025-04-20 19:59:30,275 - trading_bot - ERROR - BNB/USDT analiz edilirken hata: 'function' object has no attribute 'analyze'
2025-04-20 19:59:30,373 - trading_bot - ERROR - TRX/USDT analiz edilirken hata: 'short_ma'
2025-04-20 19:59:31,057 - trading_bot - ERROR - NEO/USDT analiz edilirken hata: 'function' object has no attribute 'analyze'
2025-04-20 19:59:31,157 - trading_bot - ERROR - ETC/USDT analiz edilirken hata: 'short_ma'
2025-04-20 19:59:31,834 - trading_bot - ERROR - LTC/USDT analiz edilirken hata: 'function' object has no attribute 'analyze'
2025-04-20 19:59:31,938 - trading_bot - ERROR - VET/USDT analiz edilirken hata: 'short_ma'
2025-04-20 19:59:32,614 - trading_bot - ERROR - QTUM/USDT analiz edilirken hata: 'function' object has no attribute 'analyze'
2025-04-20 19:59:32,728 - trading_bot - ERROR - USDC/USDT analiz edilirken hata: 'short_ma'
2025-04-20 19:59:33,388 - trading_bot - ERROR - ADA/USDT analiz edilirken hata: 'function' object has no attribute 'analyze'
2025-04-20 19:59:33,507 - trading_bot - ERROR - LINK/USDT analiz edilirken hata: 'short_ma'
2025-04-20 19:59:34,168 - trading_bot - ERROR - XRP/USDT analiz edilirken hata: 'function' object has no attribute 'analyze'
2025-04-20 19:59:34,284 - trading_bot - ERROR - ZIL/USDT analiz edilirken hata: 'short_ma'
2025-04-20 19:59:34,941 - trading_bot - ERROR - EOS/USDT analiz edilirken hata: 'function' object has no attribute 'analyze'
2025-04-20 19:59:35,066 - trading_bot - ERROR - ZRX/USDT analiz edilirken hata: 'short_ma'
2025-04-20 19:59:35,726 - trading_bot - ERROR - IOTA/USDT analiz edilirken hata: 'function' object has no attribute 'analyze'
2025-04-20 19:59:35,862 - trading_bot - ERROR - FET/USDT analiz edilirken hata: 'short_ma'
2025-04-20 19:59:36,509 - trading_bot - ERROR - XLM/USDT analiz edilirken hata: 'function' object has no attribute 'analyze'
2025-04-20 19:59:36,652 - trading_bot - ERROR - Analiz veritabanı kaydı hatası: 1064 (42000): You have an error in your SQL syntax; check the manual that corresponds to your MariaDB server version for the right syntax to use near 'signal, reason, timestamp, indicators_json)
                VALUES ('ZEC/USDT', ' at line 1
2025-04-20 19:59:36,966 - trading_bot - WARNING - Yetersiz bakiye: 0.0
2025-04-20 19:59:37,287 - trading_bot - ERROR - ONT/USDT analiz edilirken hata: 'function' object has no attribute 'analyze'
